
**** Build of configuration Device-Debug for project Notes ****

make -j3 Device-Debug 
make -C .//translations -f Makefile update
make[1]: Entering directory `/Users/alif/Desktop/NoteBB10/Notes/translations'
/Applications/bbndk/host_10_1_0_132/darwin/x86/usr/bin/lupdate Notes.pro
Updating 'Notes.ts'...
    Found 3 source text(s) (0 new and 3 already existing)
make[1]: Leaving directory `/Users/alif/Desktop/NoteBB10/Notes/translations'
make -C .//translations -f Makefile release
make[1]: Entering directory `/Users/alif/Desktop/NoteBB10/Notes/translations'
/Applications/bbndk/host_10_1_0_132/darwin/x86/usr/bin/lrelease Notes.pro
Updating '/Users/alif/Desktop/NoteBB10/Notes/translations/Notes.qm'...
    Generated 0 translation(s) (0 finished and 0 unfinished)
    Ignored 3 untranslated source text(s)
make[1]: Leaving directory `/Users/alif/Desktop/NoteBB10/Notes/translations'
make -C ./arm -f Makefile debug
make[1]: Entering directory `/Users/alif/Desktop/NoteBB10/Notes/arm'
make -f Makefile.Debug
make[2]: Entering directory `/Users/alif/Desktop/NoteBB10/Notes/arm'
make[2]: Nothing to be done for `first'.
make[2]: Leaving directory `/Users/alif/Desktop/NoteBB10/Notes/arm'
make[1]: Leaving directory `/Users/alif/Desktop/NoteBB10/Notes/arm'

**** Build Finished ****
